Determining if the pthread_create exist failed with the following output:
Change Dir: /home/tjalling/Desktop/Robot/ros/slave_pc/build/CMakeFiles/CMakeTmp

Run Build Command:/usr/bin/make "cmTryCompileExec3830072915/fast"
/usr/bin/make -f CMakeFiles/cmTryCompileExec3830072915.dir/build.make CMakeFiles/cmTryCompileExec3830072915.dir/build
make[1]: Entering directory `/home/tjalling/Desktop/Robot/ros/slave_pc/build/CMakeFiles/CMakeTmp'
/usr/bin/cmake -E cmake_progress_report /home/tjalling/Desktop/Robot/ros/slave_pc/build/CMakeFiles/CMakeTmp/CMakeFiles 1
Building C object CMakeFiles/cmTryCompileExec3830072915.dir/CheckSymbolExists.c.o
/usr/bin/cc    -o CMakeFiles/cmTryCompileExec3830072915.dir/CheckSymbolExists.c.o   -c /home/tjalling/Desktop/Robot/ros/slave_pc/build/CMakeFiles/CMakeTmp/CheckSymbolExists.c
Linking C executable cmTryCompileExec3830072915
/usr/bin/cmake -E cmake_link_script CMakeFiles/cmTryCompileExec3830072915.dir/link.txt --verbose=1
/usr/bin/cc       CMakeFiles/cmTryCompileExec3830072915.dir/CheckSymbolExists.c.o  -o cmTryCompileExec3830072915 -rdynamic 
CMakeFiles/cmTryCompileExec3830072915.dir/CheckSymbolExists.c.o: In function `main':
CheckSymbolExists.c:(.text+0x16): undefined reference to `pthread_create'
collect2: error: ld returned 1 exit status
make[1]: *** [cmTryCompileExec3830072915] Error 1
make[1]: Leaving directory `/home/tjalling/Desktop/Robot/ros/slave_pc/build/CMakeFiles/CMakeTmp'
make: *** [cmTryCompileExec3830072915/fast] Error 2

File /home/tjalling/Desktop/Robot/ros/slave_pc/build/CMakeFiles/CMakeTmp/CheckSymbolExists.c:
/* */
#include <pthread.h>

int main(int argc, char** argv)
{
  (void)argv;
#ifndef pthread_create
  return ((int*)(&pthread_create))[argc];
#else
  (void)argc;
  return 0;
#endif
}

Determining if the function pthread_create exists in the pthreads failed with the following output:
Change Dir: /home/tjalling/Desktop/Robot/ros/slave_pc/build/CMakeFiles/CMakeTmp

Run Build Command:/usr/bin/make "cmTryCompileExec3279896176/fast"
/usr/bin/make -f CMakeFiles/cmTryCompileExec3279896176.dir/build.make CMakeFiles/cmTryCompileExec3279896176.dir/build
make[1]: Entering directory `/home/tjalling/Desktop/Robot/ros/slave_pc/build/CMakeFiles/CMakeTmp'
/usr/bin/cmake -E cmake_progress_report /home/tjalling/Desktop/Robot/ros/slave_pc/build/CMakeFiles/CMakeTmp/CMakeFiles 1
Building C object CMakeFiles/cmTryCompileExec3279896176.dir/CheckFunctionExists.c.o
/usr/bin/cc   -DCHECK_FUNCTION_EXISTS=pthread_create   -o CMakeFiles/cmTryCompileExec3279896176.dir/CheckFunctionExists.c.o   -c /usr/share/cmake-2.8/Modules/CheckFunctionExists.c
Linking C executable cmTryCompileExec3279896176
/usr/bin/cmake -E cmake_link_script CMakeFiles/cmTryCompileExec3279896176.dir/link.txt --verbose=1
/usr/bin/cc   -DCHECK_FUNCTION_EXISTS=pthread_create    CMakeFiles/cmTryCompileExec3279896176.dir/CheckFunctionExists.c.o  -o cmTryCompileExec3279896176 -rdynamic -lpthreads 
/usr/bin/ld: cannot find -lpthreads
collect2: error: ld returned 1 exit status
make[1]: *** [cmTryCompileExec3279896176] Error 1
make[1]: Leaving directory `/home/tjalling/Desktop/Robot/ros/slave_pc/build/CMakeFiles/CMakeTmp'
make: *** [cmTryCompileExec3279896176/fast] Error 2


